<?xml version="1.0" encoding="UTF-8"?>
<testsuite xmlns:xsi="http://www.w3.org/2001/XMLSchema-instance" xsi:noNamespaceSchemaLocation="https://maven.apache.org/surefire/maven-surefire-plugin/xsd/surefire-test-report-3.0.xsd" version="3.0" name="com.example.springbootWithMysqlConn.SpringbootWithMysqlConnApplicationTests" time="11.734" tests="1" errors="0" skipped="0" failures="0">
  <properties>
[...]
</properties>
  <testcase name="contextLoads" classname="com.example.springbootWithMysqlConn.SpringbootWithMysqlConnApplicationTests" time="1.702">
    <system-out><![CDATA[19:05:58.201 [main] INFO org.springframework.test.context.support.AnnotationConfigContextLoaderUtils -- Could not detect default configuration classes for test class [com.example.springbootWithMysqlConn.SpringbootWithMysqlConnApplicationTests]: SpringbootWithMysqlConnApplicationTests does not declare any static, non-private, non-final, nested classes annotated with @Configuration.
19:05:58.407 [main] INFO org.springframework.boot.test.context.SpringBootTestContextBootstrapper -- Found @SpringBootConfiguration com.example.springbootWithMysqlConn.SpringbootWithMysqlConnApplication for test class com.example.springbootWithMysqlConn.SpringbootWithMysqlConnApplicationTests

  .   ____          _            __ _ _
 /\\ / ___'_ __ _ _(_)_ __  __ _ \ \ \ \
( ( )\___ | '_ | '_| | '_ \/ _` | \ \ \ \
 \\/  ___)| |_)| | | | | || (_| |  ) ) ) )
  '  |____| .__|_| |_|_| |_\__, | / / / /
 =========|_|==============|___/=/_/_/_/
 :: Spring Boot ::                (v3.2.5)

2024-04-24T19:05:59.390+05:30  INFO 32568 --- [springbootWithMysqlConn] [           main] .SpringbootWithMysqlConnApplicationTests : Starting SpringbootWithMysqlConnApplicationTests using Java 17.0.5 with PID 32568 (started by mmiddiga in C:\Users\Maheswar Reddy\Downloads\springbootWithMysqlConn)
2024-04-24T19:05:59.394+05:30  INFO 32568 --- [springbootWithMysqlConn] [           main] .SpringbootWithMysqlConnApplicationTests : No active profile set, falling back to 1 default profile: "default"
2024-04-24T19:06:01.122+05:30  INFO 32568 --- [springbootWithMysqlConn] [           main] .s.d.r.c.RepositoryConfigurationDelegate : Bootstrapping Spring Data JPA repositories in DEFAULT mode.
2024-04-24T19:06:01.168+05:30  INFO 32568 --- [springbootWithMysqlConn] [           main] .s.d.r.c.RepositoryConfigurationDelegate : Finished Spring Data repository scanning in 28 ms. Found 0 JPA repository interfaces.
2024-04-24T19:06:02.229+05:30  INFO 32568 --- [springbootWithMysqlConn] [           main] o.hibernate.jpa.internal.util.LogHelper  : HHH000204: Processing PersistenceUnitInfo [name: default]
2024-04-24T19:06:02.516+05:30  INFO 32568 --- [springbootWithMysqlConn] [           main] org.hibernate.Version                    : HHH000412: Hibernate ORM core version 6.4.4.Final
2024-04-24T19:06:02.667+05:30  INFO 32568 --- [springbootWithMysqlConn] [           main] o.h.c.internal.RegionFactoryInitiator    : HHH000026: Second-level cache disabled
2024-04-24T19:06:03.479+05:30  INFO 32568 --- [springbootWithMysqlConn] [           main] o.s.o.j.p.SpringPersistenceUnitInfo      : No LoadTimeWeaver setup: ignoring JPA class transformer
2024-04-24T19:06:03.546+05:30  INFO 32568 --- [springbootWithMysqlConn] [           main] com.zaxxer.hikari.HikariDataSource       : HikariPool-1 - Starting...
2024-04-24T19:06:04.212+05:30  INFO 32568 --- [springbootWithMysqlConn] [           main] com.zaxxer.hikari.pool.HikariPool        : HikariPool-1 - Added connection com.mysql.cj.jdbc.ConnectionImpl@2e8b24a1
2024-04-24T19:06:04.216+05:30  INFO 32568 --- [springbootWithMysqlConn] [           main] com.zaxxer.hikari.HikariDataSource       : HikariPool-1 - Start completed.
2024-04-24T19:06:04.326+05:30  WARN 32568 --- [springbootWithMysqlConn] [           main] org.hibernate.orm.deprecation            : HHH90000025: MySQL8Dialect does not need to be specified explicitly using 'hibernate.dialect' (remove the property setting and it will be selected by default)
2024-04-24T19:06:04.328+05:30  WARN 32568 --- [springbootWithMysqlConn] [           main] org.hibernate.orm.deprecation            : HHH90000026: MySQL8Dialect has been deprecated; use org.hibernate.dialect.MySQLDialect instead
2024-04-24T19:06:05.856+05:30  INFO 32568 --- [springbootWithMysqlConn] [           main] o.h.m.i.EntityInstantiatorPojoStandard   : HHH000182: No default (no-argument) constructor for class: com.example.springbootWithMysqlConn.entity.Employee (class must be instantiated by Interceptor)
2024-04-24T19:06:06.147+05:30  INFO 32568 --- [springbootWithMysqlConn] [           main] o.h.e.t.j.p.i.JtaPlatformInitiator       : HHH000489: No JTA platform available (set 'hibernate.transaction.jta.platform' to enable JTA platform integration)
Hibernate: create table employee (id integer not null auto_increment, emp_name varchar(255), emp_salary float(23), primary key (id)) engine=InnoDB
2024-04-24T19:06:06.254+05:30  INFO 32568 --- [springbootWithMysqlConn] [           main] j.LocalContainerEntityManagerFactoryBean : Initialized JPA EntityManagerFactory for persistence unit 'default'
2024-04-24T19:06:06.628+05:30  WARN 32568 --- [springbootWithMysqlConn] [           main] JpaBaseConfiguration$JpaWebConfiguration : spring.jpa.open-in-view is enabled by default. Therefore, database queries may be performed during view rendering. Explicitly configure spring.jpa.open-in-view to disable this warning
2024-04-24T19:06:07.822+05:30  INFO 32568 --- [springbootWithMysqlConn] [           main] .SpringbootWithMysqlConnApplicationTests : Started SpringbootWithMysqlConnApplicationTests in 9.048 seconds (process running for 11.153)
]]></system-out>
  </testcase>
</testsuite>